[14 Dec, 2024 - 17:00:44:044] [31merror[39m: [31mMongoDB disconnected[39m
[17 Dec, 2024 - 08:07:05:75] [31merror[39m: [31mMongoDB disconnected[39m
[17 Dec, 2024 - 11:08:59:859] [31merror[39m: [31mMongoDB disconnected[39m
[17 Dec, 2024 - 11:41:40:4140] [31merror[39m: [31mMongoDB disconnected[39m
[17 Dec, 2024 - 11:43:59:4359] [31merror[39m: [31mMongoDB disconnected[39m
[18 Dec, 2024 - 12:35:31:3531] [31merror[39m: [31mMongoDB disconnected[39m
[18 Dec, 2024 - 12:41:13:4113] [31merror[39m: [31mMongoDB disconnected[39m
[18 Dec, 2024 - 12:54:39:5439] [31merror[39m: [31mMongoDB disconnected[39m
[18 Dec, 2024 - 20:47:41:4741] [31merror[39m: [31mMongoDB disconnected[39m
[19 Dec, 2024 - 17:19:07:197] [31merror[39m: [31mMongoDB disconnected[39m
[19 Dec, 2024 - 17:48:05:485] [31merror[39m: [31mMongoDB disconnected[39m
[19 Dec, 2024 - 18:43:03:433] [31merror[39m: [31mMongoDB disconnected[39m
[23 Dec, 2024 - 10:58:05:585] [31merror[39m: [31mMongoDB disconnected[39m
[23 Dec, 2024 - 11:06:55:655] [31merror[39m: [31mMongoDB disconnected[39m
[23 Dec, 2024 - 14:14:34:1434] [31merror[39m: [31mMongoDB disconnected[39m
[24 Dec, 2024 - 15:25:53:2553] [31merror[39m: [31mMongoDB disconnected[39m
[24 Dec, 2024 - 15:32:59:3259] [31merror[39m: [31mMongoDB disconnected[39m
[24 Dec, 2024 - 20:55:14:5514] [31merror[39m: [31mMongoDB disconnected[39m
[25 Dec, 2024 - 00:54:36:5436] [31merror[39m: [31mMongoDB disconnected[39m
[26 Dec, 2024 - 18:42:04:424] [31merror[39m: [31mMongoDB disconnected[39m
[26 Dec, 2024 - 18:46:39:4639] [31merror[39m: [31mMongoDB disconnected[39m
[27 Dec, 2024 - 00:29:21:2921] [31merror[39m: [31mMongoDB disconnected[39m
[28 Dec, 2024 - 18:07:12:712] [31merror[39m: [31mMongoDB disconnected[39m
[29 Dec, 2024 - 15:19:31:1931] [31merror[39m: [31mMongoDB disconnected[39m
[30 Dec, 2024 - 02:44:02:442] [31merror[39m: [31mMongoDB disconnected[39m
[30 Dec, 2024 - 17:23:01:231] [31merror[39m: [31mMongoDB disconnected[39m
[30 Dec, 2024 - 17:31:59:3159] [31merror[39m: [31mMongoDB disconnected[39m
[31 Dec, 2024 - 16:26:06:266] [31merror[39m: [31mMongoDB disconnected[39m
[03 Jan, 2025 - 09:59:52:5952] [31merror[39m: [31mMongoDB disconnected[39m
[09 Jan, 2025 - 02:07:41:741] [31merror[39m: [31mMongoDB disconnected[39m
[09 Jan, 2025 - 02:28:29:2829] [31merror[39m: [31mMongoDB disconnected[39m
[11 Jan, 2025 - 02:31:43:3143] [31merror[39m: [31mMongoDB disconnected[39m
[12 Jan, 2025 - 00:44:45:4445] [31merror[39m: [31mMongoDB disconnected[39m
[12 Jan, 2025 - 18:31:18:3118] [31merror[39m: [31mMongoDB disconnected[39m
[23 Jan, 2025 - 08:27:02:272] [31merror[39m: [31mMongoDB disconnected[39m
[23 Jan, 2025 - 08:33:36:3336] [31merror[39m: [31mMongoDB disconnected[39m
[27 Jan, 2025 - 09:00:04:04] [31merror[39m: [31mMongoDB disconnected[39m
[27 Jan, 2025 - 09:18:35:1835] [31merror[39m: [31mMongoDB disconnected[39m
[27 Jan, 2025 - 09:41:08:418] [31merror[39m: [31mMongoDB disconnected[39m
[27 Jan, 2025 - 09:46:06:466] [31merror[39m: [31mMongoDB disconnected[39m
[27 Jan, 2025 - 10:36:59:3659] [31merror[39m: [31mMongoDB disconnected[39m
[27 Jan, 2025 - 10:42:44:4244] [31merror[39m: [31mMongoDB disconnected[39m
[27 Jan, 2025 - 11:03:22:322] [31merror[39m: [31mMongoDB disconnected[39m
[27 Jan, 2025 - 11:05:57:557] [31merror[39m: [31mMongoDB disconnected[39m
[27 Jan, 2025 - 14:01:48:148] [31merror[39m: [31mMongoDB disconnected[39m
[28 Jan, 2025 - 09:53:32:5332] [31merror[39m: [31mMongoDB disconnected[39m
[28 Jan, 2025 - 09:57:12:5712] [31merror[39m: [31mMongoDB disconnected[39m
[28 Jan, 2025 - 10:03:55:355] [31merror[39m: [31mMongoDB disconnected[39m
[28 Jan, 2025 - 10:21:20:2120] [31merror[39m: [31mMongoDB disconnected[39m
[28 Jan, 2025 - 10:31:01:311] [31merror[39m: [31mMongoDB disconnected[39m
[28 Jan, 2025 - 10:37:05:375] [31merror[39m: [31mMongoDB disconnected[39m
[01 Feb, 2025 - 02:02:52:252] [31merror[39m: [31mMongoDB disconnected[39m
[09 Feb, 2025 - 22:32:59:3259] [31merror[39m: [31mMongoDB disconnected[39m
[11 Feb, 2025 - 10:31:56:3156] [31merror[39m: [31mMongoDB disconnected[39m
[12 Feb, 2025 - 02:00:09:09] [31merror[39m: [31mMongoDB disconnected[39m
[12 Feb, 2025 - 02:09:24:924] [31merror[39m: [31mMongoDB disconnected[39m
[12 Feb, 2025 - 05:31:12:3112] [31merror[39m: [31mMongoDB disconnected[39m
[12 Feb, 2025 - 15:11:04:114] [31merror[39m: [31mMongoDB disconnected[39m
[16 Feb, 2025 - 11:24:07:247] [31merror[39m: [31mMongoDB disconnected[39m
[16 Feb, 2025 - 13:11:25:1125] [31merror[39m: [31mMongoDB disconnected[39m
[16 Feb, 2025 - 17:17:37:1737] [31merror[39m: [31mMongoDB disconnected[39m
[17 Feb, 2025 - 09:24:09:249] [31merror[39m: [31mMongoDB disconnected[39m
[17 Feb, 2025 - 12:13:42:1342] [31merror[39m: [31mMongoDB disconnected[39m
[17 Feb, 2025 - 12:28:32:2832] [31merror[39m: [31mMongoDB disconnected[39m
[18 Feb, 2025 - 10:41:32:4132] [31merror[39m: [31mMongoDB disconnected[39m
[21 Feb, 2025 - 16:54:12:5412] [31merror[39m: [31mMongoDB disconnected[39m
[22 Feb, 2025 - 09:42:43:4243] [31merror[39m: [31mMongoDB disconnected[39m
[22 Feb, 2025 - 09:43:06:436] [31merror[39m: [31mMongoDB disconnected[39m
[22 Feb, 2025 - 10:19:28:1928] [31merror[39m: [31mMongoDB disconnected[39m
[22 Feb, 2025 - 10:28:19:2819] [31merror[39m: [31mMongoDB disconnected[39m
[22 Feb, 2025 - 10:30:55:3055] [31merror[39m: [31mMongoDB disconnected[39m
[22 Feb, 2025 - 11:15:15:1515] [31merror[39m: [31mMongoDB disconnected[39m
[22 Feb, 2025 - 11:16:41:1641] [31merror[39m: [31mMongoDB disconnected[39m
[22 Feb, 2025 - 11:17:36:1736] [31merror[39m: [31mMongoDB disconnected[39m
[22 Feb, 2025 - 11:57:58:5758] [31merror[39m: [31mMongoDB disconnected[39m
[22 Feb, 2025 - 12:03:43:343] [31merror[39m: [31mMongoDB disconnected[39m
[22 Feb, 2025 - 12:10:56:1056] [31merror[39m: [31mMongoDB disconnected[39m
[22 Feb, 2025 - 12:12:04:124] [31merror[39m: [31mMongoDB disconnected[39m
[22 Feb, 2025 - 12:13:01:131] [31merror[39m: [31mMongoDB disconnected[39m
[22 Feb, 2025 - 12:13:10:1310] [31merror[39m: [31mMongoDB disconnected[39m
[22 Feb, 2025 - 12:15:24:1524] [31merror[39m: [31mMongoDB disconnected[39m
[22 Feb, 2025 - 12:16:33:1633] [31merror[39m: [31mMongoDB disconnected[39m
[22 Feb, 2025 - 12:42:17:4217] [31merror[39m: [31mMongoDB disconnected[39m
[22 Feb, 2025 - 12:42:46:4246] [31merror[39m: [31mMongoDB disconnected[39m
[27 Feb, 2025 - 13:01:55:155] [31merror[39m: [31mMongoDB disconnected[39m
[01 Mar, 2025 - 13:36:59:3659] [31merror[39m: [31mMongoDB disconnected[39m
[01 Mar, 2025 - 13:38:53:3853] [31merror[39m: [31mMongoDB disconnected[39m
[01 Mar, 2025 - 13:40:59:4059] [31merror[39m: [31mMongoDB disconnected[39m
[01 Mar, 2025 - 13:48:28:4828] [31merror[39m: [31mMongoDB disconnected[39m
[10 Mar, 2025 - 12:49:50:4950] [31merror[39m: [31mMongoDB disconnected[39m
[10 Mar, 2025 - 12:50:10:5010] [31merror[39m: [31mMongoDB disconnected[39m
[11 Mar, 2025 - 11:46:56:4656] [31merror[39m: [31mMongoDB disconnected[39m
[11 Mar, 2025 - 11:48:43:4843] [31merror[39m: [31mMongoDB disconnected[39m
[11 Mar, 2025 - 11:53:19:5319] [31merror[39m: [31mMongoDB disconnected[39m
[11 Mar, 2025 - 11:57:19:5719] [31merror[39m: [31mMongoDB disconnected[39m
[11 Mar, 2025 - 12:30:46:3046] [31merror[39m: [31mMongoDB disconnected[39m
[11 Mar, 2025 - 12:59:19:5919] [31merror[39m: [31mMongoDB disconnected[39m
[11 Mar, 2025 - 13:00:34:034] [31merror[39m: [31mMongoDB disconnected[39m
[11 Mar, 2025 - 13:01:11:111] [31merror[39m: [31mMongoDB disconnected[39m
[11 Mar, 2025 - 13:43:34:4334] [31merror[39m: [31mMongoDB disconnected[39m
[11 Mar, 2025 - 14:35:27:3527] [31merror[39m: [31mMongoDB disconnected[39m
[11 Mar, 2025 - 14:47:05:475] [31merror[39m: [31mMongoDB disconnected[39m
[11 Mar, 2025 - 14:48:24:4824] [31merror[39m: [31mMongoDB disconnected[39m
[11 Mar, 2025 - 14:53:55:5355] [31merror[39m: [31mMongoDB disconnected[39m
[11 Mar, 2025 - 15:14:38:1438] [31merror[39m: [31mMongoDB disconnected[39m
[11 Mar, 2025 - 15:32:55:3255] [31merror[39m: [31mMongoDB disconnected[39m
[15 Mar, 2025 - 06:07:30:730] [31merror[39m: [31mMongoDB disconnected[39m
[17 Mar, 2025 - 16:17:34:1734] [31merror[39m: [31mMongoDB disconnected[39m
[19 Mar, 2025 - 17:05:49:549] [31merror[39m: [31mMongoDB disconnected[39m
[19 Mar, 2025 - 18:05:15:515] [31merror[39m: [31mMongoDB disconnected[39m
[04 Apr, 2025 - 00:22:43:2243] [31merror[39m: [31mMongoDB disconnected[39m
[04 Apr, 2025 - 08:47:27:4727] [31merror[39m: [31mMongoDB disconnected[39m
[04 Apr, 2025 - 08:50:50:5050] [31merror[39m: [31mMongoDB disconnected[39m
[04 Apr, 2025 - 08:57:51:5751] [31merror[39m: [31mMongoDB disconnected[39m
[04 Apr, 2025 - 09:35:00:350] [31merror[39m: [31mMongoDB disconnected[39m
[09 Apr, 2025 - 01:02:45:245] [31merror[39m: [31mMongoDB disconnected[39m
[09 Apr, 2025 - 19:15:13:1513] [31merror[39m: [31mMongoDB disconnected[39m
